ARM GAS  C:\Users\Admin\AppData\Local\Temp\ccz3dLJC.s 			page 1


   1              		.cpu cortex-m4
   2              		.arch armv7e-m
   3              		.fpu fpv4-sp-d16
   4              		.eabi_attribute 27, 1
   5              		.eabi_attribute 28, 1
   6              		.eabi_attribute 20, 1
   7              		.eabi_attribute 21, 1
   8              		.eabi_attribute 23, 3
   9              		.eabi_attribute 24, 1
  10              		.eabi_attribute 25, 1
  11              		.eabi_attribute 26, 1
  12              		.eabi_attribute 30, 1
  13              		.eabi_attribute 34, 1
  14              		.eabi_attribute 18, 4
  15              		.file	"stm32l4xx_hal_msp.c"
  16              		.text
  17              	.Ltext0:
  18              		.cfi_sections	.debug_frame
  19              		.section	.text.HAL_MspInit,"ax",%progbits
  20              		.align	1
  21              		.global	HAL_MspInit
  22              		.syntax unified
  23              		.thumb
  24              		.thumb_func
  26              	HAL_MspInit:
  27              	.LFB132:
  28              		.file 1 "Core/Src/stm32l4xx_hal_msp.c"
   1:Core/Src/stm32l4xx_hal_msp.c **** /* USER CODE BEGIN Header */
   2:Core/Src/stm32l4xx_hal_msp.c **** /**
   3:Core/Src/stm32l4xx_hal_msp.c ****   ******************************************************************************
   4:Core/Src/stm32l4xx_hal_msp.c ****   * @file         stm32l4xx_hal_msp.c
   5:Core/Src/stm32l4xx_hal_msp.c ****   * @brief        This file provides code for the MSP Initialization
   6:Core/Src/stm32l4xx_hal_msp.c ****   *               and de-Initialization codes.
   7:Core/Src/stm32l4xx_hal_msp.c ****   ******************************************************************************
   8:Core/Src/stm32l4xx_hal_msp.c ****   * @attention
   9:Core/Src/stm32l4xx_hal_msp.c ****   *
  10:Core/Src/stm32l4xx_hal_msp.c ****   * Copyright (c) 2023 STMicroelectronics.
  11:Core/Src/stm32l4xx_hal_msp.c ****   * All rights reserved.
  12:Core/Src/stm32l4xx_hal_msp.c ****   *
  13:Core/Src/stm32l4xx_hal_msp.c ****   * This software is licensed under terms that can be found in the LICENSE file
  14:Core/Src/stm32l4xx_hal_msp.c ****   * in the root directory of this software component.
  15:Core/Src/stm32l4xx_hal_msp.c ****   * If no LICENSE file comes with this software, it is provided AS-IS.
  16:Core/Src/stm32l4xx_hal_msp.c ****   *
  17:Core/Src/stm32l4xx_hal_msp.c ****   ******************************************************************************
  18:Core/Src/stm32l4xx_hal_msp.c ****   */
  19:Core/Src/stm32l4xx_hal_msp.c **** /* USER CODE END Header */
  20:Core/Src/stm32l4xx_hal_msp.c **** 
  21:Core/Src/stm32l4xx_hal_msp.c **** /* Includes ------------------------------------------------------------------*/
  22:Core/Src/stm32l4xx_hal_msp.c **** #include "main.h"
  23:Core/Src/stm32l4xx_hal_msp.c **** /* USER CODE BEGIN Includes */
  24:Core/Src/stm32l4xx_hal_msp.c **** 
  25:Core/Src/stm32l4xx_hal_msp.c **** /* USER CODE END Includes */
  26:Core/Src/stm32l4xx_hal_msp.c **** 
  27:Core/Src/stm32l4xx_hal_msp.c **** /* Private typedef -----------------------------------------------------------*/
  28:Core/Src/stm32l4xx_hal_msp.c **** /* USER CODE BEGIN TD */
  29:Core/Src/stm32l4xx_hal_msp.c **** 
  30:Core/Src/stm32l4xx_hal_msp.c **** /* USER CODE END TD */
ARM GAS  C:\Users\Admin\AppData\Local\Temp\ccz3dLJC.s 			page 2


  31:Core/Src/stm32l4xx_hal_msp.c **** 
  32:Core/Src/stm32l4xx_hal_msp.c **** /* Private define ------------------------------------------------------------*/
  33:Core/Src/stm32l4xx_hal_msp.c **** /* USER CODE BEGIN Define */
  34:Core/Src/stm32l4xx_hal_msp.c **** 
  35:Core/Src/stm32l4xx_hal_msp.c **** /* USER CODE END Define */
  36:Core/Src/stm32l4xx_hal_msp.c **** 
  37:Core/Src/stm32l4xx_hal_msp.c **** /* Private macro -------------------------------------------------------------*/
  38:Core/Src/stm32l4xx_hal_msp.c **** /* USER CODE BEGIN Macro */
  39:Core/Src/stm32l4xx_hal_msp.c **** 
  40:Core/Src/stm32l4xx_hal_msp.c **** /* USER CODE END Macro */
  41:Core/Src/stm32l4xx_hal_msp.c **** 
  42:Core/Src/stm32l4xx_hal_msp.c **** /* Private variables ---------------------------------------------------------*/
  43:Core/Src/stm32l4xx_hal_msp.c **** /* USER CODE BEGIN PV */
  44:Core/Src/stm32l4xx_hal_msp.c **** 
  45:Core/Src/stm32l4xx_hal_msp.c **** /* USER CODE END PV */
  46:Core/Src/stm32l4xx_hal_msp.c **** 
  47:Core/Src/stm32l4xx_hal_msp.c **** /* Private function prototypes -----------------------------------------------*/
  48:Core/Src/stm32l4xx_hal_msp.c **** /* USER CODE BEGIN PFP */
  49:Core/Src/stm32l4xx_hal_msp.c **** 
  50:Core/Src/stm32l4xx_hal_msp.c **** /* USER CODE END PFP */
  51:Core/Src/stm32l4xx_hal_msp.c **** 
  52:Core/Src/stm32l4xx_hal_msp.c **** /* External functions --------------------------------------------------------*/
  53:Core/Src/stm32l4xx_hal_msp.c **** /* USER CODE BEGIN ExternalFunctions */
  54:Core/Src/stm32l4xx_hal_msp.c **** 
  55:Core/Src/stm32l4xx_hal_msp.c **** /* USER CODE END ExternalFunctions */
  56:Core/Src/stm32l4xx_hal_msp.c **** 
  57:Core/Src/stm32l4xx_hal_msp.c **** /* USER CODE BEGIN 0 */
  58:Core/Src/stm32l4xx_hal_msp.c **** 
  59:Core/Src/stm32l4xx_hal_msp.c **** /* USER CODE END 0 */
  60:Core/Src/stm32l4xx_hal_msp.c **** /**
  61:Core/Src/stm32l4xx_hal_msp.c ****   * Initializes the Global MSP.
  62:Core/Src/stm32l4xx_hal_msp.c ****   */
  63:Core/Src/stm32l4xx_hal_msp.c **** void HAL_MspInit(void)
  64:Core/Src/stm32l4xx_hal_msp.c **** {
  29              		.loc 1 64 1 view -0
  30              		.cfi_startproc
  31              		@ args = 0, pretend = 0, frame = 8
  32              		@ frame_needed = 0, uses_anonymous_args = 0
  33              		@ link register save eliminated.
  34 0000 82B0     		sub	sp, sp, #8
  35              	.LCFI0:
  36              		.cfi_def_cfa_offset 8
  65:Core/Src/stm32l4xx_hal_msp.c ****   /* USER CODE BEGIN MspInit 0 */
  66:Core/Src/stm32l4xx_hal_msp.c **** 
  67:Core/Src/stm32l4xx_hal_msp.c ****   /* USER CODE END MspInit 0 */
  68:Core/Src/stm32l4xx_hal_msp.c **** 
  69:Core/Src/stm32l4xx_hal_msp.c ****   __HAL_RCC_SYSCFG_CLK_ENABLE();
  37              		.loc 1 69 3 view .LVU1
  38              	.LBB2:
  39              		.loc 1 69 3 view .LVU2
  40              		.loc 1 69 3 view .LVU3
  41 0002 0A4B     		ldr	r3, .L3
  42 0004 1A6E     		ldr	r2, [r3, #96]
  43 0006 42F00102 		orr	r2, r2, #1
  44 000a 1A66     		str	r2, [r3, #96]
  45              		.loc 1 69 3 view .LVU4
  46 000c 1A6E     		ldr	r2, [r3, #96]
ARM GAS  C:\Users\Admin\AppData\Local\Temp\ccz3dLJC.s 			page 3


  47 000e 02F00102 		and	r2, r2, #1
  48 0012 0092     		str	r2, [sp]
  49              		.loc 1 69 3 view .LVU5
  50 0014 009A     		ldr	r2, [sp]
  51              	.LBE2:
  52              		.loc 1 69 3 view .LVU6
  70:Core/Src/stm32l4xx_hal_msp.c ****   __HAL_RCC_PWR_CLK_ENABLE();
  53              		.loc 1 70 3 view .LVU7
  54              	.LBB3:
  55              		.loc 1 70 3 view .LVU8
  56              		.loc 1 70 3 view .LVU9
  57 0016 9A6D     		ldr	r2, [r3, #88]
  58 0018 42F08052 		orr	r2, r2, #268435456
  59 001c 9A65     		str	r2, [r3, #88]
  60              		.loc 1 70 3 view .LVU10
  61 001e 9B6D     		ldr	r3, [r3, #88]
  62 0020 03F08053 		and	r3, r3, #268435456
  63 0024 0193     		str	r3, [sp, #4]
  64              		.loc 1 70 3 view .LVU11
  65 0026 019B     		ldr	r3, [sp, #4]
  66              	.LBE3:
  67              		.loc 1 70 3 view .LVU12
  71:Core/Src/stm32l4xx_hal_msp.c **** 
  72:Core/Src/stm32l4xx_hal_msp.c ****   /* System interrupt init*/
  73:Core/Src/stm32l4xx_hal_msp.c **** 
  74:Core/Src/stm32l4xx_hal_msp.c ****   /* USER CODE BEGIN MspInit 1 */
  75:Core/Src/stm32l4xx_hal_msp.c **** 
  76:Core/Src/stm32l4xx_hal_msp.c ****   /* USER CODE END MspInit 1 */
  77:Core/Src/stm32l4xx_hal_msp.c **** }
  68              		.loc 1 77 1 is_stmt 0 view .LVU13
  69 0028 02B0     		add	sp, sp, #8
  70              	.LCFI1:
  71              		.cfi_def_cfa_offset 0
  72              		@ sp needed
  73 002a 7047     		bx	lr
  74              	.L4:
  75              		.align	2
  76              	.L3:
  77 002c 00100240 		.word	1073876992
  78              		.cfi_endproc
  79              	.LFE132:
  81              		.section	.text.HAL_UART_MspInit,"ax",%progbits
  82              		.align	1
  83              		.global	HAL_UART_MspInit
  84              		.syntax unified
  85              		.thumb
  86              		.thumb_func
  88              	HAL_UART_MspInit:
  89              	.LVL0:
  90              	.LFB133:
  78:Core/Src/stm32l4xx_hal_msp.c **** 
  79:Core/Src/stm32l4xx_hal_msp.c **** /**
  80:Core/Src/stm32l4xx_hal_msp.c **** * @brief UART MSP Initialization
  81:Core/Src/stm32l4xx_hal_msp.c **** * This function configures the hardware resources used in this example
  82:Core/Src/stm32l4xx_hal_msp.c **** * @param huart: UART handle pointer
  83:Core/Src/stm32l4xx_hal_msp.c **** * @retval None
  84:Core/Src/stm32l4xx_hal_msp.c **** */
ARM GAS  C:\Users\Admin\AppData\Local\Temp\ccz3dLJC.s 			page 4


  85:Core/Src/stm32l4xx_hal_msp.c **** void HAL_UART_MspInit(UART_HandleTypeDef* huart)
  86:Core/Src/stm32l4xx_hal_msp.c **** {
  91              		.loc 1 86 1 is_stmt 1 view -0
  92              		.cfi_startproc
  93              		@ args = 0, pretend = 0, frame = 168
  94              		@ frame_needed = 0, uses_anonymous_args = 0
  95              		.loc 1 86 1 is_stmt 0 view .LVU15
  96 0000 10B5     		push	{r4, lr}
  97              	.LCFI2:
  98              		.cfi_def_cfa_offset 8
  99              		.cfi_offset 4, -8
 100              		.cfi_offset 14, -4
 101 0002 AAB0     		sub	sp, sp, #168
 102              	.LCFI3:
 103              		.cfi_def_cfa_offset 176
 104 0004 0446     		mov	r4, r0
  87:Core/Src/stm32l4xx_hal_msp.c ****   GPIO_InitTypeDef GPIO_InitStruct = {0};
 105              		.loc 1 87 3 is_stmt 1 view .LVU16
 106              		.loc 1 87 20 is_stmt 0 view .LVU17
 107 0006 0021     		movs	r1, #0
 108 0008 2591     		str	r1, [sp, #148]
 109 000a 2691     		str	r1, [sp, #152]
 110 000c 2791     		str	r1, [sp, #156]
 111 000e 2891     		str	r1, [sp, #160]
 112 0010 2991     		str	r1, [sp, #164]
  88:Core/Src/stm32l4xx_hal_msp.c ****   RCC_PeriphCLKInitTypeDef PeriphClkInit = {0};
 113              		.loc 1 88 3 is_stmt 1 view .LVU18
 114              		.loc 1 88 28 is_stmt 0 view .LVU19
 115 0012 8822     		movs	r2, #136
 116 0014 03A8     		add	r0, sp, #12
 117              	.LVL1:
 118              		.loc 1 88 28 view .LVU20
 119 0016 FFF7FEFF 		bl	memset
 120              	.LVL2:
  89:Core/Src/stm32l4xx_hal_msp.c ****   if(huart->Instance==USART2)
 121              		.loc 1 89 3 is_stmt 1 view .LVU21
 122              		.loc 1 89 11 is_stmt 0 view .LVU22
 123 001a 2268     		ldr	r2, [r4]
 124              		.loc 1 89 5 view .LVU23
 125 001c 184B     		ldr	r3, .L11
 126 001e 9A42     		cmp	r2, r3
 127 0020 01D0     		beq	.L9
 128              	.L5:
  90:Core/Src/stm32l4xx_hal_msp.c ****   {
  91:Core/Src/stm32l4xx_hal_msp.c ****   /* USER CODE BEGIN USART2_MspInit 0 */
  92:Core/Src/stm32l4xx_hal_msp.c **** 
  93:Core/Src/stm32l4xx_hal_msp.c ****   /* USER CODE END USART2_MspInit 0 */
  94:Core/Src/stm32l4xx_hal_msp.c **** 
  95:Core/Src/stm32l4xx_hal_msp.c ****   /** Initializes the peripherals clock
  96:Core/Src/stm32l4xx_hal_msp.c ****   */
  97:Core/Src/stm32l4xx_hal_msp.c ****     PeriphClkInit.PeriphClockSelection = RCC_PERIPHCLK_USART2;
  98:Core/Src/stm32l4xx_hal_msp.c ****     PeriphClkInit.Usart2ClockSelection = RCC_USART2CLKSOURCE_PCLK1;
  99:Core/Src/stm32l4xx_hal_msp.c ****     if (HAL_RCCEx_PeriphCLKConfig(&PeriphClkInit) != HAL_OK)
 100:Core/Src/stm32l4xx_hal_msp.c ****     {
 101:Core/Src/stm32l4xx_hal_msp.c ****       Error_Handler();
 102:Core/Src/stm32l4xx_hal_msp.c ****     }
 103:Core/Src/stm32l4xx_hal_msp.c **** 
ARM GAS  C:\Users\Admin\AppData\Local\Temp\ccz3dLJC.s 			page 5


 104:Core/Src/stm32l4xx_hal_msp.c ****     /* Peripheral clock enable */
 105:Core/Src/stm32l4xx_hal_msp.c ****     __HAL_RCC_USART2_CLK_ENABLE();
 106:Core/Src/stm32l4xx_hal_msp.c **** 
 107:Core/Src/stm32l4xx_hal_msp.c ****     __HAL_RCC_GPIOA_CLK_ENABLE();
 108:Core/Src/stm32l4xx_hal_msp.c ****     /**USART2 GPIO Configuration
 109:Core/Src/stm32l4xx_hal_msp.c ****     PA2     ------> USART2_TX
 110:Core/Src/stm32l4xx_hal_msp.c ****     PA3     ------> USART2_RX
 111:Core/Src/stm32l4xx_hal_msp.c ****     */
 112:Core/Src/stm32l4xx_hal_msp.c ****     GPIO_InitStruct.Pin = USART_TX_Pin|USART_RX_Pin;
 113:Core/Src/stm32l4xx_hal_msp.c ****     GPIO_InitStruct.Mode = GPIO_MODE_AF_PP;
 114:Core/Src/stm32l4xx_hal_msp.c ****     GPIO_InitStruct.Pull = GPIO_NOPULL;
 115:Core/Src/stm32l4xx_hal_msp.c ****     GPIO_InitStruct.Speed = GPIO_SPEED_FREQ_VERY_HIGH;
 116:Core/Src/stm32l4xx_hal_msp.c ****     GPIO_InitStruct.Alternate = GPIO_AF7_USART2;
 117:Core/Src/stm32l4xx_hal_msp.c ****     HAL_GPIO_Init(GPIOA, &GPIO_InitStruct);
 118:Core/Src/stm32l4xx_hal_msp.c **** 
 119:Core/Src/stm32l4xx_hal_msp.c ****   /* USER CODE BEGIN USART2_MspInit 1 */
 120:Core/Src/stm32l4xx_hal_msp.c **** 
 121:Core/Src/stm32l4xx_hal_msp.c ****   /* USER CODE END USART2_MspInit 1 */
 122:Core/Src/stm32l4xx_hal_msp.c ****   }
 123:Core/Src/stm32l4xx_hal_msp.c **** 
 124:Core/Src/stm32l4xx_hal_msp.c **** }
 129              		.loc 1 124 1 view .LVU24
 130 0022 2AB0     		add	sp, sp, #168
 131              	.LCFI4:
 132              		.cfi_remember_state
 133              		.cfi_def_cfa_offset 8
 134              		@ sp needed
 135 0024 10BD     		pop	{r4, pc}
 136              	.LVL3:
 137              	.L9:
 138              	.LCFI5:
 139              		.cfi_restore_state
  97:Core/Src/stm32l4xx_hal_msp.c ****     PeriphClkInit.Usart2ClockSelection = RCC_USART2CLKSOURCE_PCLK1;
 140              		.loc 1 97 5 is_stmt 1 view .LVU25
  97:Core/Src/stm32l4xx_hal_msp.c ****     PeriphClkInit.Usart2ClockSelection = RCC_USART2CLKSOURCE_PCLK1;
 141              		.loc 1 97 40 is_stmt 0 view .LVU26
 142 0026 0223     		movs	r3, #2
 143 0028 0393     		str	r3, [sp, #12]
  98:Core/Src/stm32l4xx_hal_msp.c ****     if (HAL_RCCEx_PeriphCLKConfig(&PeriphClkInit) != HAL_OK)
 144              		.loc 1 98 5 is_stmt 1 view .LVU27
  99:Core/Src/stm32l4xx_hal_msp.c ****     {
 145              		.loc 1 99 5 view .LVU28
  99:Core/Src/stm32l4xx_hal_msp.c ****     {
 146              		.loc 1 99 9 is_stmt 0 view .LVU29
 147 002a 03A8     		add	r0, sp, #12
 148 002c FFF7FEFF 		bl	HAL_RCCEx_PeriphCLKConfig
 149              	.LVL4:
  99:Core/Src/stm32l4xx_hal_msp.c ****     {
 150              		.loc 1 99 8 view .LVU30
 151 0030 10BB     		cbnz	r0, .L10
 152              	.L7:
 105:Core/Src/stm32l4xx_hal_msp.c **** 
 153              		.loc 1 105 5 is_stmt 1 view .LVU31
 154              	.LBB4:
 105:Core/Src/stm32l4xx_hal_msp.c **** 
 155              		.loc 1 105 5 view .LVU32
 105:Core/Src/stm32l4xx_hal_msp.c **** 
ARM GAS  C:\Users\Admin\AppData\Local\Temp\ccz3dLJC.s 			page 6


 156              		.loc 1 105 5 view .LVU33
 157 0032 144B     		ldr	r3, .L11+4
 158 0034 9A6D     		ldr	r2, [r3, #88]
 159 0036 42F40032 		orr	r2, r2, #131072
 160 003a 9A65     		str	r2, [r3, #88]
 105:Core/Src/stm32l4xx_hal_msp.c **** 
 161              		.loc 1 105 5 view .LVU34
 162 003c 9A6D     		ldr	r2, [r3, #88]
 163 003e 02F40032 		and	r2, r2, #131072
 164 0042 0192     		str	r2, [sp, #4]
 105:Core/Src/stm32l4xx_hal_msp.c **** 
 165              		.loc 1 105 5 view .LVU35
 166 0044 019A     		ldr	r2, [sp, #4]
 167              	.LBE4:
 105:Core/Src/stm32l4xx_hal_msp.c **** 
 168              		.loc 1 105 5 view .LVU36
 107:Core/Src/stm32l4xx_hal_msp.c ****     /**USART2 GPIO Configuration
 169              		.loc 1 107 5 view .LVU37
 170              	.LBB5:
 107:Core/Src/stm32l4xx_hal_msp.c ****     /**USART2 GPIO Configuration
 171              		.loc 1 107 5 view .LVU38
 107:Core/Src/stm32l4xx_hal_msp.c ****     /**USART2 GPIO Configuration
 172              		.loc 1 107 5 view .LVU39
 173 0046 DA6C     		ldr	r2, [r3, #76]
 174 0048 42F00102 		orr	r2, r2, #1
 175 004c DA64     		str	r2, [r3, #76]
 107:Core/Src/stm32l4xx_hal_msp.c ****     /**USART2 GPIO Configuration
 176              		.loc 1 107 5 view .LVU40
 177 004e DB6C     		ldr	r3, [r3, #76]
 178 0050 03F00103 		and	r3, r3, #1
 179 0054 0293     		str	r3, [sp, #8]
 107:Core/Src/stm32l4xx_hal_msp.c ****     /**USART2 GPIO Configuration
 180              		.loc 1 107 5 view .LVU41
 181 0056 029B     		ldr	r3, [sp, #8]
 182              	.LBE5:
 107:Core/Src/stm32l4xx_hal_msp.c ****     /**USART2 GPIO Configuration
 183              		.loc 1 107 5 view .LVU42
 112:Core/Src/stm32l4xx_hal_msp.c ****     GPIO_InitStruct.Mode = GPIO_MODE_AF_PP;
 184              		.loc 1 112 5 view .LVU43
 112:Core/Src/stm32l4xx_hal_msp.c ****     GPIO_InitStruct.Mode = GPIO_MODE_AF_PP;
 185              		.loc 1 112 25 is_stmt 0 view .LVU44
 186 0058 0C23     		movs	r3, #12
 187 005a 2593     		str	r3, [sp, #148]
 113:Core/Src/stm32l4xx_hal_msp.c ****     GPIO_InitStruct.Pull = GPIO_NOPULL;
 188              		.loc 1 113 5 is_stmt 1 view .LVU45
 113:Core/Src/stm32l4xx_hal_msp.c ****     GPIO_InitStruct.Pull = GPIO_NOPULL;
 189              		.loc 1 113 26 is_stmt 0 view .LVU46
 190 005c 0223     		movs	r3, #2
 191 005e 2693     		str	r3, [sp, #152]
 114:Core/Src/stm32l4xx_hal_msp.c ****     GPIO_InitStruct.Speed = GPIO_SPEED_FREQ_VERY_HIGH;
 192              		.loc 1 114 5 is_stmt 1 view .LVU47
 114:Core/Src/stm32l4xx_hal_msp.c ****     GPIO_InitStruct.Speed = GPIO_SPEED_FREQ_VERY_HIGH;
 193              		.loc 1 114 26 is_stmt 0 view .LVU48
 194 0060 0023     		movs	r3, #0
 195 0062 2793     		str	r3, [sp, #156]
 115:Core/Src/stm32l4xx_hal_msp.c ****     GPIO_InitStruct.Alternate = GPIO_AF7_USART2;
 196              		.loc 1 115 5 is_stmt 1 view .LVU49
ARM GAS  C:\Users\Admin\AppData\Local\Temp\ccz3dLJC.s 			page 7


 115:Core/Src/stm32l4xx_hal_msp.c ****     GPIO_InitStruct.Alternate = GPIO_AF7_USART2;
 197              		.loc 1 115 27 is_stmt 0 view .LVU50
 198 0064 0323     		movs	r3, #3
 199 0066 2893     		str	r3, [sp, #160]
 116:Core/Src/stm32l4xx_hal_msp.c ****     HAL_GPIO_Init(GPIOA, &GPIO_InitStruct);
 200              		.loc 1 116 5 is_stmt 1 view .LVU51
 116:Core/Src/stm32l4xx_hal_msp.c ****     HAL_GPIO_Init(GPIOA, &GPIO_InitStruct);
 201              		.loc 1 116 31 is_stmt 0 view .LVU52
 202 0068 0723     		movs	r3, #7
 203 006a 2993     		str	r3, [sp, #164]
 117:Core/Src/stm32l4xx_hal_msp.c **** 
 204              		.loc 1 117 5 is_stmt 1 view .LVU53
 205 006c 25A9     		add	r1, sp, #148
 206 006e 4FF09040 		mov	r0, #1207959552
 207 0072 FFF7FEFF 		bl	HAL_GPIO_Init
 208              	.LVL5:
 209              		.loc 1 124 1 is_stmt 0 view .LVU54
 210 0076 D4E7     		b	.L5
 211              	.L10:
 101:Core/Src/stm32l4xx_hal_msp.c ****     }
 212              		.loc 1 101 7 is_stmt 1 view .LVU55
 213 0078 FFF7FEFF 		bl	Error_Handler
 214              	.LVL6:
 215 007c D9E7     		b	.L7
 216              	.L12:
 217 007e 00BF     		.align	2
 218              	.L11:
 219 0080 00440040 		.word	1073759232
 220 0084 00100240 		.word	1073876992
 221              		.cfi_endproc
 222              	.LFE133:
 224              		.section	.text.HAL_UART_MspDeInit,"ax",%progbits
 225              		.align	1
 226              		.global	HAL_UART_MspDeInit
 227              		.syntax unified
 228              		.thumb
 229              		.thumb_func
 231              	HAL_UART_MspDeInit:
 232              	.LVL7:
 233              	.LFB134:
 125:Core/Src/stm32l4xx_hal_msp.c **** 
 126:Core/Src/stm32l4xx_hal_msp.c **** /**
 127:Core/Src/stm32l4xx_hal_msp.c **** * @brief UART MSP De-Initialization
 128:Core/Src/stm32l4xx_hal_msp.c **** * This function freeze the hardware resources used in this example
 129:Core/Src/stm32l4xx_hal_msp.c **** * @param huart: UART handle pointer
 130:Core/Src/stm32l4xx_hal_msp.c **** * @retval None
 131:Core/Src/stm32l4xx_hal_msp.c **** */
 132:Core/Src/stm32l4xx_hal_msp.c **** void HAL_UART_MspDeInit(UART_HandleTypeDef* huart)
 133:Core/Src/stm32l4xx_hal_msp.c **** {
 234              		.loc 1 133 1 view -0
 235              		.cfi_startproc
 236              		@ args = 0, pretend = 0, frame = 0
 237              		@ frame_needed = 0, uses_anonymous_args = 0
 238              		.loc 1 133 1 is_stmt 0 view .LVU57
 239 0000 08B5     		push	{r3, lr}
 240              	.LCFI6:
 241              		.cfi_def_cfa_offset 8
ARM GAS  C:\Users\Admin\AppData\Local\Temp\ccz3dLJC.s 			page 8


 242              		.cfi_offset 3, -8
 243              		.cfi_offset 14, -4
 134:Core/Src/stm32l4xx_hal_msp.c ****   if(huart->Instance==USART2)
 244              		.loc 1 134 3 is_stmt 1 view .LVU58
 245              		.loc 1 134 11 is_stmt 0 view .LVU59
 246 0002 0268     		ldr	r2, [r0]
 247              		.loc 1 134 5 view .LVU60
 248 0004 074B     		ldr	r3, .L17
 249 0006 9A42     		cmp	r2, r3
 250 0008 00D0     		beq	.L16
 251              	.LVL8:
 252              	.L13:
 135:Core/Src/stm32l4xx_hal_msp.c ****   {
 136:Core/Src/stm32l4xx_hal_msp.c ****   /* USER CODE BEGIN USART2_MspDeInit 0 */
 137:Core/Src/stm32l4xx_hal_msp.c **** 
 138:Core/Src/stm32l4xx_hal_msp.c ****   /* USER CODE END USART2_MspDeInit 0 */
 139:Core/Src/stm32l4xx_hal_msp.c ****     /* Peripheral clock disable */
 140:Core/Src/stm32l4xx_hal_msp.c ****     __HAL_RCC_USART2_CLK_DISABLE();
 141:Core/Src/stm32l4xx_hal_msp.c **** 
 142:Core/Src/stm32l4xx_hal_msp.c ****     /**USART2 GPIO Configuration
 143:Core/Src/stm32l4xx_hal_msp.c ****     PA2     ------> USART2_TX
 144:Core/Src/stm32l4xx_hal_msp.c ****     PA3     ------> USART2_RX
 145:Core/Src/stm32l4xx_hal_msp.c ****     */
 146:Core/Src/stm32l4xx_hal_msp.c ****     HAL_GPIO_DeInit(GPIOA, USART_TX_Pin|USART_RX_Pin);
 147:Core/Src/stm32l4xx_hal_msp.c **** 
 148:Core/Src/stm32l4xx_hal_msp.c ****   /* USER CODE BEGIN USART2_MspDeInit 1 */
 149:Core/Src/stm32l4xx_hal_msp.c **** 
 150:Core/Src/stm32l4xx_hal_msp.c ****   /* USER CODE END USART2_MspDeInit 1 */
 151:Core/Src/stm32l4xx_hal_msp.c ****   }
 152:Core/Src/stm32l4xx_hal_msp.c **** 
 153:Core/Src/stm32l4xx_hal_msp.c **** }
 253              		.loc 1 153 1 view .LVU61
 254 000a 08BD     		pop	{r3, pc}
 255              	.LVL9:
 256              	.L16:
 140:Core/Src/stm32l4xx_hal_msp.c **** 
 257              		.loc 1 140 5 is_stmt 1 view .LVU62
 258 000c 064A     		ldr	r2, .L17+4
 259 000e 936D     		ldr	r3, [r2, #88]
 260 0010 23F40033 		bic	r3, r3, #131072
 261 0014 9365     		str	r3, [r2, #88]
 146:Core/Src/stm32l4xx_hal_msp.c **** 
 262              		.loc 1 146 5 view .LVU63
 263 0016 0C21     		movs	r1, #12
 264 0018 4FF09040 		mov	r0, #1207959552
 265              	.LVL10:
 146:Core/Src/stm32l4xx_hal_msp.c **** 
 266              		.loc 1 146 5 is_stmt 0 view .LVU64
 267 001c FFF7FEFF 		bl	HAL_GPIO_DeInit
 268              	.LVL11:
 269              		.loc 1 153 1 view .LVU65
 270 0020 F3E7     		b	.L13
 271              	.L18:
 272 0022 00BF     		.align	2
 273              	.L17:
 274 0024 00440040 		.word	1073759232
 275 0028 00100240 		.word	1073876992
ARM GAS  C:\Users\Admin\AppData\Local\Temp\ccz3dLJC.s 			page 9


 276              		.cfi_endproc
 277              	.LFE134:
 279              		.text
 280              	.Letext0:
 281              		.file 2 "c:\\gnu_arm_embedded\\arm-none-eabi\\include\\machine\\_default_types.h"
 282              		.file 3 "c:\\gnu_arm_embedded\\arm-none-eabi\\include\\sys\\_stdint.h"
 283              		.file 4 "Drivers/CMSIS/Device/ST/STM32L4xx/Include/stm32l476xx.h"
 284              		.file 5 "Drivers/STM32L4xx_HAL_Driver/Inc/stm32l4xx_hal_def.h"
 285              		.file 6 "Drivers/STM32L4xx_HAL_Driver/Inc/stm32l4xx_hal_rcc_ex.h"
 286              		.file 7 "Drivers/STM32L4xx_HAL_Driver/Inc/stm32l4xx_hal_gpio.h"
 287              		.file 8 "Drivers/STM32L4xx_HAL_Driver/Inc/stm32l4xx_hal_dma.h"
 288              		.file 9 "Drivers/STM32L4xx_HAL_Driver/Inc/stm32l4xx_hal_uart.h"
 289              		.file 10 "Core/Inc/main.h"
 290              		.file 11 "<built-in>"
ARM GAS  C:\Users\Admin\AppData\Local\Temp\ccz3dLJC.s 			page 10


DEFINED SYMBOLS
                            *ABS*:00000000 stm32l4xx_hal_msp.c
C:\Users\Admin\AppData\Local\Temp\ccz3dLJC.s:20     .text.HAL_MspInit:00000000 $t
C:\Users\Admin\AppData\Local\Temp\ccz3dLJC.s:26     .text.HAL_MspInit:00000000 HAL_MspInit
C:\Users\Admin\AppData\Local\Temp\ccz3dLJC.s:77     .text.HAL_MspInit:0000002c $d
C:\Users\Admin\AppData\Local\Temp\ccz3dLJC.s:82     .text.HAL_UART_MspInit:00000000 $t
C:\Users\Admin\AppData\Local\Temp\ccz3dLJC.s:88     .text.HAL_UART_MspInit:00000000 HAL_UART_MspInit
C:\Users\Admin\AppData\Local\Temp\ccz3dLJC.s:219    .text.HAL_UART_MspInit:00000080 $d
C:\Users\Admin\AppData\Local\Temp\ccz3dLJC.s:225    .text.HAL_UART_MspDeInit:00000000 $t
C:\Users\Admin\AppData\Local\Temp\ccz3dLJC.s:231    .text.HAL_UART_MspDeInit:00000000 HAL_UART_MspDeInit
C:\Users\Admin\AppData\Local\Temp\ccz3dLJC.s:274    .text.HAL_UART_MspDeInit:00000024 $d

UNDEFINED SYMBOLS
memset
HAL_RCCEx_PeriphCLKConfig
HAL_GPIO_Init
Error_Handler
HAL_GPIO_DeInit
